Added Component: Designator=D31(SK6812-E)
Add component (AddParameter): Name = "Manufacturer 1"; Value = ""; VariantName = "[No Variations]"
Add component (AddParameter): Name = "Manufacturer Part Number 1"; Value = ""; VariantName = "[No Variations]"
Add component (AddParameter): Name = "Supplier 1"; Value = ""; VariantName = "[No Variations]"
Add component (AddParameter): Name = "Supplier Part Number 1"; Value = ""; VariantName = "[No Variations]"
Added Component: Designator=D32(SK6812-E)
Add component (AddParameter): Name = "Manufacturer 1"; Value = ""; VariantName = "[No Variations]"
Add component (AddParameter): Name = "Manufacturer Part Number 1"; Value = ""; VariantName = "[No Variations]"
Add component (AddParameter): Name = "Supplier 1"; Value = ""; VariantName = "[No Variations]"
Add component (AddParameter): Name = "Supplier Part Number 1"; Value = ""; VariantName = "[No Variations]"
Added Component: Designator=D33(SK6812-E)
Add component (AddParameter): Name = "Manufacturer 1"; Value = ""; VariantName = "[No Variations]"
Add component (AddParameter): Name = "Manufacturer Part Number 1"; Value = ""; VariantName = "[No Variations]"
Add component (AddParameter): Name = "Supplier 1"; Value = ""; VariantName = "[No Variations]"
Add component (AddParameter): Name = "Supplier Part Number 1"; Value = ""; VariantName = "[No Variations]"
Added Component: Designator=D34(SK6812-E)
Add component (AddParameter): Name = "Manufacturer 1"; Value = ""; VariantName = "[No Variations]"
Add component (AddParameter): Name = "Manufacturer Part Number 1"; Value = ""; VariantName = "[No Variations]"
Add component (AddParameter): Name = "Supplier 1"; Value = ""; VariantName = "[No Variations]"
Add component (AddParameter): Name = "Supplier Part Number 1"; Value = ""; VariantName = "[No Variations]"
Added Component: Designator=D35(SK6812-E)
Add component (AddParameter): Name = "Manufacturer 1"; Value = ""; VariantName = "[No Variations]"
Add component (AddParameter): Name = "Manufacturer Part Number 1"; Value = ""; VariantName = "[No Variations]"
Add component (AddParameter): Name = "Supplier 1"; Value = ""; VariantName = "[No Variations]"
Add component (AddParameter): Name = "Supplier Part Number 1"; Value = ""; VariantName = "[No Variations]"
Added Component: Designator=D36(SK6812-E)
Add component (AddParameter): Name = "Manufacturer 1"; Value = ""; VariantName = "[No Variations]"
Add component (AddParameter): Name = "Manufacturer Part Number 1"; Value = ""; VariantName = "[No Variations]"
Add component (AddParameter): Name = "Supplier 1"; Value = ""; VariantName = "[No Variations]"
Add component (AddParameter): Name = "Supplier Part Number 1"; Value = ""; VariantName = "[No Variations]"
Added Component: Designator=D37(SK6812-E)
Add component (AddParameter): Name = "Manufacturer 1"; Value = ""; VariantName = "[No Variations]"
Add component (AddParameter): Name = "Manufacturer Part Number 1"; Value = ""; VariantName = "[No Variations]"
Add component (AddParameter): Name = "Supplier 1"; Value = ""; VariantName = "[No Variations]"
Add component (AddParameter): Name = "Supplier Part Number 1"; Value = ""; VariantName = "[No Variations]"
Added Component: Designator=D38(SK6812-E)
Add component (AddParameter): Name = "Manufacturer 1"; Value = ""; VariantName = "[No Variations]"
Add component (AddParameter): Name = "Manufacturer Part Number 1"; Value = ""; VariantName = "[No Variations]"
Add component (AddParameter): Name = "Supplier 1"; Value = ""; VariantName = "[No Variations]"
Add component (AddParameter): Name = "Supplier Part Number 1"; Value = ""; VariantName = "[No Variations]"
Added Component: Designator=D39(SK6812-E)
Add component (AddParameter): Name = "Manufacturer 1"; Value = ""; VariantName = "[No Variations]"
Add component (AddParameter): Name = "Manufacturer Part Number 1"; Value = ""; VariantName = "[No Variations]"
Add component (AddParameter): Name = "Supplier 1"; Value = ""; VariantName = "[No Variations]"
Add component (AddParameter): Name = "Supplier Part Number 1"; Value = ""; VariantName = "[No Variations]"
Added Component: Designator=D40(SK6812-E)
Add component (AddParameter): Name = "Manufacturer 1"; Value = ""; VariantName = "[No Variations]"
Add component (AddParameter): Name = "Manufacturer Part Number 1"; Value = ""; VariantName = "[No Variations]"
Add component (AddParameter): Name = "Supplier 1"; Value = ""; VariantName = "[No Variations]"
Add component (AddParameter): Name = "Supplier Part Number 1"; Value = ""; VariantName = "[No Variations]"
Added Component: Designator=D41(SK6812-E)
Add component (AddParameter): Name = "Manufacturer 1"; Value = ""; VariantName = "[No Variations]"
Add component (AddParameter): Name = "Manufacturer Part Number 1"; Value = ""; VariantName = "[No Variations]"
Add component (AddParameter): Name = "Supplier 1"; Value = ""; VariantName = "[No Variations]"
Add component (AddParameter): Name = "Supplier Part Number 1"; Value = ""; VariantName = "[No Variations]"
Added Component: Designator=D42(SK6812-E)
Add component (AddParameter): Name = "Manufacturer 1"; Value = ""; VariantName = "[No Variations]"
Add component (AddParameter): Name = "Manufacturer Part Number 1"; Value = ""; VariantName = "[No Variations]"
Add component (AddParameter): Name = "Supplier 1"; Value = ""; VariantName = "[No Variations]"
Add component (AddParameter): Name = "Supplier Part Number 1"; Value = ""; VariantName = "[No Variations]"
Added Component: Designator=D43(SK6812-E)
Add component (AddParameter): Name = "Manufacturer 1"; Value = ""; VariantName = "[No Variations]"
Add component (AddParameter): Name = "Manufacturer Part Number 1"; Value = ""; VariantName = "[No Variations]"
Add component (AddParameter): Name = "Supplier 1"; Value = ""; VariantName = "[No Variations]"
Add component (AddParameter): Name = "Supplier Part Number 1"; Value = ""; VariantName = "[No Variations]"
Added Component: Designator=D44(SK6812-E)
Add component (AddParameter): Name = "Manufacturer 1"; Value = ""; VariantName = "[No Variations]"
Add component (AddParameter): Name = "Manufacturer Part Number 1"; Value = ""; VariantName = "[No Variations]"
Add component (AddParameter): Name = "Supplier 1"; Value = ""; VariantName = "[No Variations]"
Add component (AddParameter): Name = "Supplier Part Number 1"; Value = ""; VariantName = "[No Variations]"
Added Component: Designator=D45(SK6812-E)
Add component (AddParameter): Name = "Manufacturer 1"; Value = ""; VariantName = "[No Variations]"
Add component (AddParameter): Name = "Manufacturer Part Number 1"; Value = ""; VariantName = "[No Variations]"
Add component (AddParameter): Name = "Supplier 1"; Value = ""; VariantName = "[No Variations]"
Add component (AddParameter): Name = "Supplier Part Number 1"; Value = ""; VariantName = "[No Variations]"
Added Component: Designator=D46(SK6812-E)
Add component (AddParameter): Name = "Manufacturer 1"; Value = ""; VariantName = "[No Variations]"
Add component (AddParameter): Name = "Manufacturer Part Number 1"; Value = ""; VariantName = "[No Variations]"
Add component (AddParameter): Name = "Supplier 1"; Value = ""; VariantName = "[No Variations]"
Add component (AddParameter): Name = "Supplier Part Number 1"; Value = ""; VariantName = "[No Variations]"
Added Component: Designator=D47(SK6812-E)
Add component (AddParameter): Name = "Manufacturer 1"; Value = ""; VariantName = "[No Variations]"
Add component (AddParameter): Name = "Manufacturer Part Number 1"; Value = ""; VariantName = "[No Variations]"
Add component (AddParameter): Name = "Supplier 1"; Value = ""; VariantName = "[No Variations]"
Add component (AddParameter): Name = "Supplier Part Number 1"; Value = ""; VariantName = "[No Variations]"
Added Component: Designator=D48(SK6812-E)
Add component (AddParameter): Name = "Manufacturer 1"; Value = ""; VariantName = "[No Variations]"
Add component (AddParameter): Name = "Manufacturer Part Number 1"; Value = ""; VariantName = "[No Variations]"
Add component (AddParameter): Name = "Supplier 1"; Value = ""; VariantName = "[No Variations]"
Add component (AddParameter): Name = "Supplier Part Number 1"; Value = ""; VariantName = "[No Variations]"
Added Component: Designator=D49(SK6812-E)
Add component (AddParameter): Name = "Manufacturer 1"; Value = ""; VariantName = "[No Variations]"
Add component (AddParameter): Name = "Manufacturer Part Number 1"; Value = ""; VariantName = "[No Variations]"
Add component (AddParameter): Name = "Supplier 1"; Value = ""; VariantName = "[No Variations]"
Add component (AddParameter): Name = "Supplier Part Number 1"; Value = ""; VariantName = "[No Variations]"
Added Component: Designator=D50(SK6812-E)
Add component (AddParameter): Name = "Manufacturer 1"; Value = ""; VariantName = "[No Variations]"
Add component (AddParameter): Name = "Manufacturer Part Number 1"; Value = ""; VariantName = "[No Variations]"
Add component (AddParameter): Name = "Supplier 1"; Value = ""; VariantName = "[No Variations]"
Add component (AddParameter): Name = "Supplier Part Number 1"; Value = ""; VariantName = "[No Variations]"
Added Component: Designator=D51(SK6812-E)
Add component (AddParameter): Name = "Manufacturer 1"; Value = ""; VariantName = "[No Variations]"
Add component (AddParameter): Name = "Manufacturer Part Number 1"; Value = ""; VariantName = "[No Variations]"
Add component (AddParameter): Name = "Supplier 1"; Value = ""; VariantName = "[No Variations]"
Add component (AddParameter): Name = "Supplier Part Number 1"; Value = ""; VariantName = "[No Variations]"
Added Component: Designator=D52(SK6812-E)
Add component (AddParameter): Name = "Manufacturer 1"; Value = ""; VariantName = "[No Variations]"
Add component (AddParameter): Name = "Manufacturer Part Number 1"; Value = ""; VariantName = "[No Variations]"
Add component (AddParameter): Name = "Supplier 1"; Value = ""; VariantName = "[No Variations]"
Add component (AddParameter): Name = "Supplier Part Number 1"; Value = ""; VariantName = "[No Variations]"
Added Component: Designator=D53(SK6812-E)
Add component (AddParameter): Name = "Manufacturer 1"; Value = ""; VariantName = "[No Variations]"
Add component (AddParameter): Name = "Manufacturer Part Number 1"; Value = ""; VariantName = "[No Variations]"
Add component (AddParameter): Name = "Supplier 1"; Value = ""; VariantName = "[No Variations]"
Add component (AddParameter): Name = "Supplier Part Number 1"; Value = ""; VariantName = "[No Variations]"
Added Component: Designator=D54(SK6812-E)
Add component (AddParameter): Name = "Manufacturer 1"; Value = ""; VariantName = "[No Variations]"
Add component (AddParameter): Name = "Manufacturer Part Number 1"; Value = ""; VariantName = "[No Variations]"
Add component (AddParameter): Name = "Supplier 1"; Value = ""; VariantName = "[No Variations]"
Add component (AddParameter): Name = "Supplier Part Number 1"; Value = ""; VariantName = "[No Variations]"
Added Component: Designator=D55(SK6812-E)
Add component (AddParameter): Name = "Manufacturer 1"; Value = ""; VariantName = "[No Variations]"
Add component (AddParameter): Name = "Manufacturer Part Number 1"; Value = ""; VariantName = "[No Variations]"
Add component (AddParameter): Name = "Supplier 1"; Value = ""; VariantName = "[No Variations]"
Add component (AddParameter): Name = "Supplier Part Number 1"; Value = ""; VariantName = "[No Variations]"
Added Component: Designator=D56(SK6812-E)
Add component (AddParameter): Name = "Manufacturer 1"; Value = ""; VariantName = "[No Variations]"
Add component (AddParameter): Name = "Manufacturer Part Number 1"; Value = ""; VariantName = "[No Variations]"
Add component (AddParameter): Name = "Supplier 1"; Value = ""; VariantName = "[No Variations]"
Add component (AddParameter): Name = "Supplier Part Number 1"; Value = ""; VariantName = "[No Variations]"
Added Component: Designator=D57(SK6812-E)
Add component (AddParameter): Name = "Manufacturer 1"; Value = ""; VariantName = "[No Variations]"
Add component (AddParameter): Name = "Manufacturer Part Number 1"; Value = ""; VariantName = "[No Variations]"
Add component (AddParameter): Name = "Supplier 1"; Value = ""; VariantName = "[No Variations]"
Add component (AddParameter): Name = "Supplier Part Number 1"; Value = ""; VariantName = "[No Variations]"
Added Component: Designator=D58(SK6812-E)
Add component (AddParameter): Name = "Manufacturer 1"; Value = ""; VariantName = "[No Variations]"
Add component (AddParameter): Name = "Manufacturer Part Number 1"; Value = ""; VariantName = "[No Variations]"
Add component (AddParameter): Name = "Supplier 1"; Value = ""; VariantName = "[No Variations]"
Add component (AddParameter): Name = "Supplier Part Number 1"; Value = ""; VariantName = "[No Variations]"
Added Component: Designator=D59(SK6812-E)
Add component (AddParameter): Name = "Manufacturer 1"; Value = ""; VariantName = "[No Variations]"
Add component (AddParameter): Name = "Manufacturer Part Number 1"; Value = ""; VariantName = "[No Variations]"
Add component (AddParameter): Name = "Supplier 1"; Value = ""; VariantName = "[No Variations]"
Add component (AddParameter): Name = "Supplier Part Number 1"; Value = ""; VariantName = "[No Variations]"
Added Component: Designator=D60(SK6812-E)
Add component (AddParameter): Name = "Manufacturer 1"; Value = ""; VariantName = "[No Variations]"
Add component (AddParameter): Name = "Manufacturer Part Number 1"; Value = ""; VariantName = "[No Variations]"
Add component (AddParameter): Name = "Supplier 1"; Value = ""; VariantName = "[No Variations]"
Add component (AddParameter): Name = "Supplier Part Number 1"; Value = ""; VariantName = "[No Variations]"
Added Pin To Net: NetName=5V Pin=D31-1
Added Pin To Net: NetName=GND Pin=D31-3
Added Pin To Net: NetName=5V Pin=D32-1
Added Pin To Net: NetName=GND Pin=D32-3
Added Pin To Net: NetName=5V Pin=D33-1
Added Pin To Net: NetName=GND Pin=D33-3
Added Pin To Net: NetName=5V Pin=D34-1
Added Pin To Net: NetName=GND Pin=D34-3
Added Pin To Net: NetName=5V Pin=D35-1
Added Pin To Net: NetName=GND Pin=D35-3
Added Pin To Net: NetName=5V Pin=D36-1
Added Pin To Net: NetName=GND Pin=D36-3
Added Pin To Net: NetName=5V Pin=D37-1
Added Pin To Net: NetName=GND Pin=D37-3
Added Pin To Net: NetName=5V Pin=D38-1
Added Pin To Net: NetName=GND Pin=D38-3
Added Pin To Net: NetName=5V Pin=D39-1
Added Pin To Net: NetName=GND Pin=D39-3
Added Pin To Net: NetName=5V Pin=D40-1
Added Pin To Net: NetName=GND Pin=D40-3
Added Pin To Net: NetName=5V Pin=D41-1
Added Pin To Net: NetName=GND Pin=D41-3
Added Pin To Net: NetName=5V Pin=D42-1
Added Pin To Net: NetName=GND Pin=D42-3
Added Pin To Net: NetName=5V Pin=D43-1
Added Pin To Net: NetName=GND Pin=D43-3
Added Pin To Net: NetName=5V Pin=D44-1
Added Pin To Net: NetName=GND Pin=D44-3
Added Pin To Net: NetName=5V Pin=D45-1
Added Pin To Net: NetName=GND Pin=D45-3
Added Pin To Net: NetName=5V Pin=D46-1
Added Pin To Net: NetName=GND Pin=D46-3
Added Pin To Net: NetName=5V Pin=D47-1
Added Pin To Net: NetName=GND Pin=D47-3
Added Pin To Net: NetName=5V Pin=D48-1
Added Pin To Net: NetName=GND Pin=D48-3
Added Pin To Net: NetName=5V Pin=D49-1
Added Pin To Net: NetName=GND Pin=D49-3
Added Pin To Net: NetName=5V Pin=D50-1
Added Pin To Net: NetName=GND Pin=D50-3
Added Pin To Net: NetName=5V Pin=D51-1
Added Pin To Net: NetName=GND Pin=D51-3
Added Pin To Net: NetName=5V Pin=D52-1
Added Pin To Net: NetName=GND Pin=D52-3
Added Pin To Net: NetName=5V Pin=D53-1
Added Pin To Net: NetName=GND Pin=D53-3
Added Pin To Net: NetName=5V Pin=D54-1
Added Pin To Net: NetName=GND Pin=D54-3
Added Pin To Net: NetName=5V Pin=D55-1
Added Pin To Net: NetName=GND Pin=D55-3
Added Pin To Net: NetName=5V Pin=D56-1
Added Pin To Net: NetName=GND Pin=D56-3
Added Pin To Net: NetName=5V Pin=D57-1
Added Pin To Net: NetName=GND Pin=D57-3
Added Pin To Net: NetName=5V Pin=D58-1
Added Pin To Net: NetName=GND Pin=D58-3
Added Pin To Net: NetName=5V Pin=D59-1
Added Pin To Net: NetName=GND Pin=D59-3
Added Pin To Net: NetName=5V Pin=D60-1
Added Pin To Net: NetName=GND Pin=D60-3
Added Pin To Net: NetName=NetD30_2 Pin=D30-2
Added Pin To Net: NetName=NetD30_2 Pin=D31-4
Added Net: Name=NetD30_2
Added Pin To Net: NetName=NetD31_2 Pin=D31-2
Added Pin To Net: NetName=NetD31_2 Pin=D32-4
Added Net: Name=NetD31_2
Added Pin To Net: NetName=NetD32_2 Pin=D32-2
Added Pin To Net: NetName=NetD32_2 Pin=D33-4
Added Net: Name=NetD32_2
Added Pin To Net: NetName=NetD33_2 Pin=D33-2
Added Pin To Net: NetName=NetD33_2 Pin=D34-4
Added Net: Name=NetD33_2
Added Pin To Net: NetName=NetD34_2 Pin=D34-2
Added Pin To Net: NetName=NetD34_2 Pin=D35-4
Added Net: Name=NetD34_2
Added Pin To Net: NetName=NetD35_2 Pin=D35-2
Added Pin To Net: NetName=NetD35_2 Pin=D36-4
Added Net: Name=NetD35_2
Added Pin To Net: NetName=NetD36_2 Pin=D36-2
Added Pin To Net: NetName=NetD36_2 Pin=D37-4
Added Net: Name=NetD36_2
Added Pin To Net: NetName=NetD37_2 Pin=D37-2
Added Pin To Net: NetName=NetD37_2 Pin=D38-4
Added Net: Name=NetD37_2
Added Pin To Net: NetName=NetD38_2 Pin=D38-2
Added Pin To Net: NetName=NetD38_2 Pin=D39-4
Added Net: Name=NetD38_2
Added Pin To Net: NetName=NetD39_2 Pin=D39-2
Added Pin To Net: NetName=NetD39_2 Pin=D40-4
Added Net: Name=NetD39_2
Added Pin To Net: NetName=NetD40_2 Pin=D40-2
Added Pin To Net: NetName=NetD40_2 Pin=D41-4
Added Net: Name=NetD40_2
Added Pin To Net: NetName=NetD41_2 Pin=D41-2
Added Pin To Net: NetName=NetD41_2 Pin=D42-4
Added Net: Name=NetD41_2
Added Pin To Net: NetName=NetD42_2 Pin=D42-2
Added Pin To Net: NetName=NetD42_2 Pin=D43-4
Added Net: Name=NetD42_2
Added Pin To Net: NetName=NetD43_2 Pin=D43-2
Added Pin To Net: NetName=NetD43_2 Pin=D44-4
Added Net: Name=NetD43_2
Added Pin To Net: NetName=NetD44_2 Pin=D44-2
Added Pin To Net: NetName=NetD44_2 Pin=D45-4
Added Net: Name=NetD44_2
Added Pin To Net: NetName=NetD45_2 Pin=D45-2
Added Pin To Net: NetName=NetD45_2 Pin=D46-4
Added Net: Name=NetD45_2
Added Pin To Net: NetName=NetD46_2 Pin=D46-2
Added Pin To Net: NetName=NetD46_2 Pin=D47-4
Added Net: Name=NetD46_2
Added Pin To Net: NetName=NetD47_2 Pin=D47-2
Added Pin To Net: NetName=NetD47_2 Pin=D48-4
Added Net: Name=NetD47_2
Added Pin To Net: NetName=NetD48_2 Pin=D48-2
Added Pin To Net: NetName=NetD48_2 Pin=D49-4
Added Net: Name=NetD48_2
Added Pin To Net: NetName=NetD49_2 Pin=D49-2
Added Pin To Net: NetName=NetD49_2 Pin=D50-4
Added Net: Name=NetD49_2
Added Pin To Net: NetName=NetD50_2 Pin=D50-2
Added Pin To Net: NetName=NetD50_2 Pin=D51-4
Added Net: Name=NetD50_2
Added Pin To Net: NetName=NetD51_2 Pin=D51-2
Added Pin To Net: NetName=NetD51_2 Pin=D52-4
Added Net: Name=NetD51_2
Added Pin To Net: NetName=NetD52_2 Pin=D52-2
Added Pin To Net: NetName=NetD52_2 Pin=D53-4
Added Net: Name=NetD52_2
Added Pin To Net: NetName=NetD53_2 Pin=D53-2
Added Pin To Net: NetName=NetD53_2 Pin=D54-4
Added Net: Name=NetD53_2
Added Pin To Net: NetName=NetD54_2 Pin=D54-2
Added Pin To Net: NetName=NetD54_2 Pin=D55-4
Added Net: Name=NetD54_2
Added Pin To Net: NetName=NetD55_2 Pin=D55-2
Added Pin To Net: NetName=NetD55_2 Pin=D56-4
Added Net: Name=NetD55_2
Added Pin To Net: NetName=NetD56_2 Pin=D56-2
Added Pin To Net: NetName=NetD56_2 Pin=D57-4
Added Net: Name=NetD56_2
Added Pin To Net: NetName=NetD57_2 Pin=D57-2
Added Pin To Net: NetName=NetD57_2 Pin=D58-4
Added Net: Name=NetD57_2
Added Pin To Net: NetName=NetD58_2 Pin=D58-2
Added Pin To Net: NetName=NetD58_2 Pin=D59-4
Added Net: Name=NetD58_2
Added Pin To Net: NetName=NetD59_2 Pin=D59-2
Added Pin To Net: NetName=NetD59_2 Pin=D60-4
Added Net: Name=NetD59_2
Added Member To Class: ClassName=schematic Member=Component D31 diode_8
Added Member To Class: ClassName=schematic Member=Component D32 diode_8
Added Member To Class: ClassName=schematic Member=Component D33 diode_8
Added Member To Class: ClassName=schematic Member=Component D34 diode_8
Added Member To Class: ClassName=schematic Member=Component D35 diode_8
Added Member To Class: ClassName=schematic Member=Component D36 diode_8
Added Member To Class: ClassName=schematic Member=Component D37 diode_8
Added Member To Class: ClassName=schematic Member=Component D38 diode_8
Added Member To Class: ClassName=schematic Member=Component D39 diode_8
Added Member To Class: ClassName=schematic Member=Component D40 diode_8
Added Member To Class: ClassName=schematic Member=Component D41 diode_8
Added Member To Class: ClassName=schematic Member=Component D42 diode_8
Added Member To Class: ClassName=schematic Member=Component D43 diode_8
Added Member To Class: ClassName=schematic Member=Component D44 diode_8
Added Member To Class: ClassName=schematic Member=Component D45 diode_8
Added Member To Class: ClassName=schematic Member=Component D46 diode_8
Added Member To Class: ClassName=schematic Member=Component D47 diode_8
Added Member To Class: ClassName=schematic Member=Component D48 diode_8
Added Member To Class: ClassName=schematic Member=Component D49 diode_8
Added Member To Class: ClassName=schematic Member=Component D50 diode_8
Added Member To Class: ClassName=schematic Member=Component D51 diode_8
Added Member To Class: ClassName=schematic Member=Component D52 diode_8
Added Member To Class: ClassName=schematic Member=Component D53 diode_8
Added Member To Class: ClassName=schematic Member=Component D54 diode_8
Added Member To Class: ClassName=schematic Member=Component D55 diode_8
Added Member To Class: ClassName=schematic Member=Component D56 diode_8
Added Member To Class: ClassName=schematic Member=Component D57 diode_8
Added Member To Class: ClassName=schematic Member=Component D58 diode_8
Added Member To Class: ClassName=schematic Member=Component D59 diode_8
Added Member To Class: ClassName=schematic Member=Component D60 diode_8
